# JRE version: Java(TM) SE Runtime Environment (19.0+36) (build 19+36-2238)
# Java VM: Java HotSpot(TM) 64-Bit Server VM (19+36-2238, mixed mode, sharing, tiered, compressed oops, compressed class ptrs, g1 gc, windows-amd64)
GC Precious Log:
 CardTable entry size: 512
 Card Set container configuration: InlinePtr #cards 5 size 8 Array Of Cards #cards 12 size 40 Howl #buckets 4 coarsen threshold 1843 Howl Bitmap #cards 512 size 80 coarsen threshold 460 Card regions per heap region 1 cards per card region 2048
 CPUs: 4 total, 4 available
 Memory: 6086M
 Large Page Support: Disabled
 NUMA Support: Disabled
 Compressed Oops: Enabled (32-bit)
 Heap Region Size: 1M
 Heap Min Capacity: 8M
 Heap Initial Capacity: 96M
 Heap Max Capacity: 1522M
 Pre-touch: Disabled
 Parallel Workers: 4
 Concurrent Workers: 1
 Concurrent Refinement Workers: 4
 Periodic GC: Disabled
Heap:
 garbage-first heap   total 78848K, used 63585K [0x00000000a0e00000, 0x0000000100000000)
  region size 1024K, 45 young (46080K), 2 survivors (2048K)
 Metaspace       used 26431K, committed 26880K, reserved 1114112K
  class space    used 3250K, committed 3456K, reserved 1048576K
GC Heap History (10 events):
Event: 4.105 GC heap before
{Heap before GC invocations=0 (full 0):
 garbage-first heap   total 98304K, used 16384K [0x00000000a0e00000, 0x0000000100000000)
  region size 1024K, 13 young (13312K), 0 survivors (0K)
 Metaspace       used 1851K, committed 2048K, reserved 1114112K
  class space    used 165K, committed 256K, reserved 1048576K
}
Event: 4.124 GC heap after
{Heap after GC invocations=1 (full 0):
 garbage-first heap   total 98304K, used 10448K [0x00000000a0e00000, 0x0000000100000000)
  region size 1024K, 2 young (2048K), 2 survivors (2048K)
 Metaspace       used 1851K, committed 2048K, reserved 1114112K
  class space    used 165K, committed 256K, reserved 1048576K
}
Event: 5.191 GC heap before
{Heap before GC invocations=1 (full 0):
 garbage-first heap   total 98304K, used 22736K [0x00000000a0e00000, 0x0000000100000000)
  region size 1024K, 11 young (11264K), 2 survivors (2048K)
 Metaspace       used 2553K, committed 2752K, reserved 1114112K
  class space    used 246K, committed 320K, reserved 1048576K
}
Event: 5.200 GC heap after
{Heap after GC invocations=2 (full 0):
 garbage-first heap   total 98304K, used 16667K [0x00000000a0e00000, 0x0000000100000000)
  region size 1024K, 2 young (2048K), 2 survivors (2048K)
 Metaspace       used 2553K, committed 2752K, reserved 1114112K
  class space    used 246K, committed 320K, reserved 1048576K
}
Event: 13.190 GC heap before
{Heap before GC invocations=2 (full 0):
 garbage-first heap   total 98304K, used 38171K [0x00000000a0e00000, 0x0000000100000000)
  region size 1024K, 23 young (23552K), 2 survivors (2048K)
 Metaspace       used 6579K, committed 6848K, reserved 1114112K
  class space    used 698K, committed 832K, reserved 1048576K
}
Event: 13.195 GC heap after
{Heap after GC invocations=3 (full 0):
 garbage-first heap   total 98304K, used 18105K [0x00000000a0e00000, 0x0000000100000000)
  region size 1024K, 2 young (2048K), 2 survivors (2048K)
 Metaspace       used 6579K, committed 6848K, reserved 1114112K
  class space    used 698K, committed 832K, reserved 1048576K
}
Event: 39.210 GC heap before
{Heap before GC invocations=3 (full 0):
 garbage-first heap   total 98304K, used 66233K [0x00000000a0e00000, 0x0000000100000000)
  region size 1024K, 50 young (51200K), 2 survivors (2048K)
 Metaspace       used 19729K, committed 20096K, reserved 1114112K
  class space    used 2341K, committed 2496K, reserved 1048576K
}
Event: 39.228 GC heap after
{Heap after GC invocations=4 (full 0):
 garbage-first heap   total 98304K, used 22602K [0x00000000a0e00000, 0x0000000100000000)
  region size 1024K, 7 young (7168K), 7 survivors (7168K)
 Metaspace       used 19729K, committed 20096K, reserved 1114112K
  class space    used 2341K, committed 2496K, reserved 1048576K
}
Event: 42.455 GC heap before
{Heap before GC invocations=4 (full 0):
 garbage-first heap   total 98304K, used 29770K [0x00000000a0e00000, 0x0000000100000000)
  region size 1024K, 16 young (16384K), 7 survivors (7168K)
 Metaspace       used 21101K, committed 21504K, reserved 1114112K
  class space    used 2466K, committed 2688K, reserved 1048576K
}
Event: 42.489 GC heap after
{Heap after GC invocations=5 (full 0):
 garbage-first heap   total 98304K, used 23649K [0x00000000a0e00000, 0x0000000100000000)
  region size 1024K, 2 young (2048K), 2 survivors (2048K)
 Metaspace       used 21101K, committed 21504K, reserved 1114112K
  class space    used 2466K, committed 2688K, reserved 1048576K
}

