# JRE version: Java(TM) SE Runtime Environment (19.0+36) (build 19+36-2238)
# Java VM: Java HotSpot(TM) 64-Bit Server VM (19+36-2238, mixed mode, sharing, tiered, compressed oops, compressed class ptrs, g1 gc, windows-amd64)
GC Precious Log:
 CardTable entry size: 512
 Card Set container configuration: InlinePtr #cards 5 size 8 Array Of Cards #cards 12 size 40 Howl #buckets 4 coarsen threshold 1843 Howl Bitmap #cards 512 size 80 coarsen threshold 460 Card regions per heap region 1 cards per card region 2048
 CPUs: 4 total, 4 available
 Memory: 6086M
 Large Page Support: Disabled
 NUMA Support: Disabled
 Compressed Oops: Enabled (32-bit)
 Heap Region Size: 1M
 Heap Min Capacity: 8M
 Heap Initial Capacity: 96M
 Heap Max Capacity: 1522M
 Pre-touch: Disabled
 Parallel Workers: 4
 Concurrent Workers: 1
 Concurrent Refinement Workers: 4
 Periodic GC: Disabled
Heap:
 garbage-first heap   total 75776K, used 23062K [0x00000000a0e00000, 0x0000000100000000)
  region size 1024K, 2 young (2048K), 1 survivors (1024K)
 Metaspace       used 24378K, committed 24768K, reserved 1114112K
  class space    used 2880K, committed 3072K, reserved 1048576K
GC Heap History (14 events):
Event: 11.826 GC heap before
{Heap before GC invocations=0 (full 0):
 garbage-first heap   total 98304K, used 16384K [0x00000000a0e00000, 0x0000000100000000)
  region size 1024K, 13 young (13312K), 0 survivors (0K)
 Metaspace       used 2034K, committed 2176K, reserved 1114112K
  class space    used 183K, committed 256K, reserved 1048576K
}
Event: 11.839 GC heap after
{Heap after GC invocations=1 (full 0):
 garbage-first heap   total 98304K, used 9202K [0x00000000a0e00000, 0x0000000100000000)
  region size 1024K, 2 young (2048K), 2 survivors (2048K)
 Metaspace       used 2034K, committed 2176K, reserved 1114112K
  class space    used 183K, committed 256K, reserved 1048576K
}
Event: 14.381 GC heap before
{Heap before GC invocations=1 (full 0):
 garbage-first heap   total 98304K, used 24562K [0x00000000a0e00000, 0x0000000100000000)
  region size 1024K, 13 young (13312K), 2 survivors (2048K)
 Metaspace       used 3812K, committed 4096K, reserved 1114112K
  class space    used 365K, committed 512K, reserved 1048576K
}
Event: 14.397 GC heap after
{Heap after GC invocations=2 (full 0):
 garbage-first heap   total 98304K, used 16752K [0x00000000a0e00000, 0x0000000100000000)
  region size 1024K, 2 young (2048K), 2 survivors (2048K)
 Metaspace       used 3812K, committed 4096K, reserved 1114112K
  class space    used 365K, committed 512K, reserved 1048576K
}
Event: 18.620 GC heap before
{Heap before GC invocations=2 (full 0):
 garbage-first heap   total 98304K, used 38256K [0x00000000a0e00000, 0x0000000100000000)
  region size 1024K, 22 young (22528K), 2 survivors (2048K)
 Metaspace       used 6976K, committed 7168K, reserved 1114112K
  class space    used 746K, committed 832K, reserved 1048576K
}
Event: 18.626 GC heap after
{Heap after GC invocations=3 (full 0):
 garbage-first heap   total 98304K, used 15915K [0x00000000a0e00000, 0x0000000100000000)
  region size 1024K, 2 young (2048K), 2 survivors (2048K)
 Metaspace       used 6976K, committed 7168K, reserved 1114112K
  class space    used 746K, committed 832K, reserved 1048576K
}
Event: 24.671 GC heap before
{Heap before GC invocations=3 (full 0):
 garbage-first heap   total 98304K, used 53803K [0x00000000a0e00000, 0x0000000100000000)
  region size 1024K, 40 young (40960K), 2 survivors (2048K)
 Metaspace       used 17191K, committed 17600K, reserved 1114112K
  class space    used 2034K, committed 2240K, reserved 1048576K
}
Event: 24.690 GC heap after
{Heap after GC invocations=4 (full 0):
 garbage-first heap   total 98304K, used 19217K [0x00000000a0e00000, 0x0000000100000000)
  region size 1024K, 5 young (5120K), 5 survivors (5120K)
 Metaspace       used 17191K, committed 17600K, reserved 1114112K
  class space    used 2034K, committed 2240K, reserved 1048576K
}
Event: 28.892 GC heap before
{Heap before GC invocations=4 (full 0):
 garbage-first heap   total 98304K, used 37649K [0x00000000a0e00000, 0x0000000100000000)
  region size 1024K, 25 young (25600K), 5 survivors (5120K)
 Metaspace       used 21124K, committed 21504K, reserved 1114112K
  class space    used 2478K, committed 2688K, reserved 1048576K
}
Event: 28.934 GC heap after
{Heap after GC invocations=5 (full 0):
 garbage-first heap   total 98304K, used 21338K [0x00000000a0e00000, 0x0000000100000000)
  region size 1024K, 6 young (6144K), 6 survivors (6144K)
 Metaspace       used 21124K, committed 21504K, reserved 1114112K
  class space    used 2478K, committed 2688K, reserved 1048576K
}
Event: 43.608 GC heap before
{Heap before GC invocations=6 (full 0):
 garbage-first heap   total 75776K, used 59226K [0x00000000a0e00000, 0x0000000100000000)
  region size 1024K, 44 young (45056K), 6 survivors (6144K)
 Metaspace       used 24305K, committed 24704K, reserved 1114112K
  class space    used 2871K, committed 3072K, reserved 1048576K
}
Event: 43.623 GC heap after
{Heap after GC invocations=7 (full 0):
 garbage-first heap   total 75776K, used 23474K [0x00000000a0e00000, 0x0000000100000000)
  region size 1024K, 6 young (6144K), 6 survivors (6144K)
 Metaspace       used 24305K, committed 24704K, reserved 1114112K
  class space    used 2871K, committed 3072K, reserved 1048576K
}
Event: 44.115 GC heap before
{Heap before GC invocations=7 (full 0):
 garbage-first heap   total 75776K, used 24498K [0x00000000a0e00000, 0x0000000100000000)
  region size 1024K, 7 young (7168K), 6 survivors (6144K)
 Metaspace       used 24370K, committed 24768K, reserved 1114112K
  class space    used 2880K, committed 3072K, reserved 1048576K
}
Event: 44.124 GC heap after
{Heap after GC invocations=8 (full 0):
 garbage-first heap   total 75776K, used 23062K [0x00000000a0e00000, 0x0000000100000000)
  region size 1024K, 1 young (1024K), 1 survivors (1024K)
 Metaspace       used 24370K, committed 24768K, reserved 1114112K
  class space    used 2880K, committed 3072K, reserved 1048576K
}

